ar rcs build/liblcthw.a 
ranlib build/liblcthw.a
cc -shared -o build/liblcthw.so  src/lcthw/list.o
cc   tests/list_tests.o   -o tests/list_tests
/usr/bin/ld: tests/list_tests.o: in function `test_create':
/home/lsj/projects/ysyx-pre/c-review/liblcthw/tests/list_tests.c:13:(.text+0xb): undefined reference to `List_create'
/usr/bin/ld: tests/list_tests.o: in function `test_destroy':
/home/lsj/projects/ysyx-pre/c-review/liblcthw/tests/list_tests.c:22:(.text+0xa0): undefined reference to `List_clear_destroy'
/usr/bin/ld: tests/list_tests.o: in function `test_push_pop':
/home/lsj/projects/ysyx-pre/c-review/liblcthw/tests/list_tests.c:31:(.text+0xca): undefined reference to `List_push'
/usr/bin/ld: /home/lsj/projects/ysyx-pre/c-review/liblcthw/tests/list_tests.c:34:(.text+0x14c): undefined reference to `List_push'
/usr/bin/ld: /home/lsj/projects/ysyx-pre/c-review/liblcthw/tests/list_tests.c:37:(.text+0x1d4): undefined reference to `List_push'
/usr/bin/ld: /home/lsj/projects/ysyx-pre/c-review/liblcthw/tests/list_tests.c:41:(.text+0x289): undefined reference to `List_pop'
/usr/bin/ld: /home/lsj/projects/ysyx-pre/c-review/liblcthw/tests/list_tests.c:44:(.text+0x2f0): undefined reference to `List_pop'
/usr/bin/ld: /home/lsj/projects/ysyx-pre/c-review/liblcthw/tests/list_tests.c:47:(.text+0x333): undefined reference to `List_pop'
/usr/bin/ld: tests/list_tests.o: in function `test_unshift':
/home/lsj/projects/ysyx-pre/c-review/liblcthw/tests/list_tests.c:56:(.text+0x417): undefined reference to `List_unshift'
/usr/bin/ld: /home/lsj/projects/ysyx-pre/c-review/liblcthw/tests/list_tests.c:59:(.text+0x49b): undefined reference to `List_unshift'
/usr/bin/ld: /home/lsj/projects/ysyx-pre/c-review/liblcthw/tests/list_tests.c:62:(.text+0x51b): undefined reference to `List_unshift'
/usr/bin/ld: tests/list_tests.o: in function `test_remove':
/home/lsj/projects/ysyx-pre/c-review/liblcthw/tests/list_tests.c:74:(.text+0x617): undefined reference to `List_remove'
/usr/bin/ld: tests/list_tests.o: in function `test_shift':
/home/lsj/projects/ysyx-pre/c-review/liblcthw/tests/list_tests.c:88:(.text+0x849): undefined reference to `List_shift'
/usr/bin/ld: /home/lsj/projects/ysyx-pre/c-review/liblcthw/tests/list_tests.c:91:(.text+0x8c0): undefined reference to `List_shift'
collect2: error: ld returned 1 exit status
make: *** [<builtin>: tests/list_tests] Error 1
